[INFO  - 2017-11-07T09:31:37.266Z] GhostDriver - Main - running on port 56901
[INFO  - 2017-11-07T09:31:37.762Z] Session [741016b0-c39e-11e7-8e91-13e317a8a4a9] - page.settings - {"XSSAuditingEnabled":false,"javascriptCanCloseWindows":true,"javascriptCanOpenWindows":true,"javascriptEnabled":true,"loadImages":true,"localToRemoteUrlAccessEnabled":false,"userAgent":"Mozilla/5.0 (Windows NT 6.1; WOW64) AppleWebKit/538.1 (KHTML, like Gecko) PhantomJS/2.1.1 Safari/538.1","webSecurityEnabled":true}
[INFO  - 2017-11-07T09:31:37.762Z] Session [741016b0-c39e-11e7-8e91-13e317a8a4a9] - page.customHeaders:  - {}
[INFO  - 2017-11-07T09:31:37.762Z] Session [741016b0-c39e-11e7-8e91-13e317a8a4a9] - Session.negotiatedCapabilities - {"browserName":"phantomjs","version":"2.1.1","driverName":"ghostdriver","driverVersion":"1.2.0","platform":"windows-7-32bit","javascriptEnabled":true,"takesScreenshot":true,"handlesAlerts":false,"databaseEnabled":false,"locationContextEnabled":false,"applicationCacheEnabled":false,"browserConnectionEnabled":false,"cssSelectorsEnabled":true,"webStorageEnabled":false,"rotatable":false,"acceptSslCerts":false,"nativeEvents":true,"proxy":{"proxyType":"direct"}}
[INFO  - 2017-11-07T09:31:37.762Z] SessionManagerReqHand - _postNewSessionCommand - New Session Created: 741016b0-c39e-11e7-8e91-13e317a8a4a9
[ERROR - 2017-11-07T09:31:48.366Z] Session [741016b0-c39e-11e7-8e91-13e317a8a4a9] - page.onError - msg: ReferenceError: Can't find variable: c

  phantomjs://platform/console++.js:263 in error
[ERROR - 2017-11-07T09:31:48.366Z] Session [741016b0-c39e-11e7-8e91-13e317a8a4a9] - page.onError - stack:
  sendLog (https://ss1.bdstatic.com/5eN1bjq8AAUYm2zgoY3K/r/www/cache/static/protocol/https/plugins/every_cookie_4644b13.js:4)
  (anonymous function) (https://ss1.bdstatic.com/5eN1bjq8AAUYm2zgoY3K/r/www/cache/static/protocol/https/plugins/every_cookie_4644b13.js:5)

  phantomjs://platform/console++.js:263 in error
[ERROR - 2017-11-07T09:31:57.187Z] Session [741016b0-c39e-11e7-8e91-13e317a8a4a9] - page.onError - msg: TypeError: undefined is not a constructor (evaluating 'jQuery110208086580124218017_1510047108288')

  phantomjs://platform/console++.js:263 in error
[ERROR - 2017-11-07T09:31:57.188Z] Session [741016b0-c39e-11e7-8e91-13e317a8a4a9] - page.onError - stack:
  global code (https://sp0.baidu.com/5a1Fazu8AA54nxGko9WTAnF6hhy/su?wd=pytho&json=1&p=3&sid=1459_21105_24879_20929&csor=5&pwd=pyth&cb=jQuery110208086580124218017_1510047108288&_=1510047108294:1)

  phantomjs://platform/console++.js:263 in error
[INFO  - 2017-11-07T09:36:37.277Z] SessionManagerReqHand - _cleanupWindowlessSessions - Asynchronous Sessions clean-up phase starting NOW
[INFO  - 2017-11-07T09:41:37.280Z] SessionManagerReqHand - _cleanupWindowlessSessions - Asynchronous Sessions clean-up phase starting NOW
[INFO  - 2017-11-07T09:46:37.280Z] SessionManagerReqHand - _cleanupWindowlessSessions - Asynchronous Sessions clean-up phase starting NOW
[INFO  - 2017-11-07T09:51:37.315Z] SessionManagerReqHand - _cleanupWindowlessSessions - Asynchronous Sessions clean-up phase starting NOW
[INFO  - 2017-11-07T09:56:37.315Z] SessionManagerReqHand - _cleanupWindowlessSessions - Asynchronous Sessions clean-up phase starting NOW
[INFO  - 2017-11-07T10:01:37.315Z] SessionManagerReqHand - _cleanupWindowlessSessions - Asynchronous Sessions clean-up phase starting NOW
[INFO  - 2017-11-07T10:06:37.325Z] SessionManagerReqHand - _cleanupWindowlessSessions - Asynchronous Sessions clean-up phase starting NOW
[INFO  - 2017-11-07T10:11:37.325Z] SessionManagerReqHand - _cleanupWindowlessSessions - Asynchronous Sessions clean-up phase starting NOW
[INFO  - 2017-11-07T10:16:37.359Z] SessionManagerReqHand - _cleanupWindowlessSessions - Asynchronous Sessions clean-up phase starting NOW
[INFO  - 2017-11-07T10:21:37.359Z] SessionManagerReqHand - _cleanupWindowlessSessions - Asynchronous Sessions clean-up phase starting NOW
[INFO  - 2017-11-07T10:26:37.369Z] SessionManagerReqHand - _cleanupWindowlessSessions - Asynchronous Sessions clean-up phase starting NOW
[INFO  - 2017-11-07T10:31:37.370Z] SessionManagerReqHand - _cleanupWindowlessSessions - Asynchronous Sessions clean-up phase starting NOW
[INFO  - 2017-11-07T10:36:37.383Z] SessionManagerReqHand - _cleanupWindowlessSessions - Asynchronous Sessions clean-up phase starting NOW
[INFO  - 2017-11-07T10:41:37.384Z] SessionManagerReqHand - _cleanupWindowlessSessions - Asynchronous Sessions clean-up phase starting NOW
[INFO  - 2017-11-07T10:46:37.420Z] SessionManagerReqHand - _cleanupWindowlessSessions - Asynchronous Sessions clean-up phase starting NOW
[INFO  - 2017-11-07T10:51:37.430Z] SessionManagerReqHand - _cleanupWindowlessSessions - Asynchronous Sessions clean-up phase starting NOW
